<?xml version="1.0" encoding="UTF-8"?>
<testng-results skipped="0" failed="0" ignored="0" total="1" passed="1">
  <reporter-output>
  </reporter-output>
  <suite name="Default suite" duration-ms="17471" started-at="2020-02-08T17:30:12Z" finished-at="2020-02-08T17:30:29Z">
    <groups>
    </groups>
    <test name="Default test" duration-ms="17471" started-at="2020-02-08T17:30:12Z" finished-at="2020-02-08T17:30:29Z">
      <class name="com.learnautomation.testcases.LoginTestCRM">
        <test-method status="PASS" signature="setUpSuite()[pri:0, instance:com.learnautomation.testcases.LoginTestCRM@1b604f19]" name="setUpSuite" is-config="true" duration-ms="485" started-at="2020-02-08T12:30:11Z" finished-at="2020-02-08T12:30:12Z">
          <reporter-output>
          </reporter-output>
        </test-method> <!-- setUpSuite -->
        <test-method status="PASS" signature="setup()[pri:0, instance:com.learnautomation.testcases.LoginTestCRM@1b604f19]" name="setup" is-config="true" duration-ms="13805" started-at="2020-02-08T12:30:12Z" finished-at="2020-02-08T12:30:26Z">
          <reporter-output>
          </reporter-output>
        </test-method> <!-- setup -->
        <test-method status="PASS" signature="loginApp()[pri:0, instance:com.learnautomation.testcases.LoginTestCRM@1b604f19]" name="loginApp" duration-ms="2315" started-at="2020-02-08T12:30:26Z" finished-at="2020-02-08T12:30:28Z">
          <reporter-output>
          </reporter-output>
        </test-method> <!-- loginApp -->
        <test-method status="PASS" signature="tearDownMethod(org.testng.ITestResult)[pri:0, instance:com.learnautomation.testcases.LoginTestCRM@1b604f19]" name="tearDownMethod" is-config="true" duration-ms="709" started-at="2020-02-08T12:30:28Z" finished-at="2020-02-08T12:30:29Z">
          <params>
            <param index="0">
              <value>
                <![CDATA[[TestResult name=loginApp status=SUCCESS method=LoginTestCRM.loginApp()[pri:0, instance:com.learnautomation.testcases.LoginTestCRM@1b604f19] output={null}]]]>
              </value>
            </param>
          </params>
          <reporter-output>
          </reporter-output>
        </test-method> <!-- tearDownMethod -->
        <test-method status="PASS" signature="tearDown()[pri:0, instance:com.learnautomation.testcases.LoginTestCRM@1b604f19]" name="tearDown" is-config="true" duration-ms="628" started-at="2020-02-08T12:30:29Z" finished-at="2020-02-08T12:30:29Z">
          <reporter-output>
          </reporter-output>
        </test-method> <!-- tearDown -->
      </class> <!-- com.learnautomation.testcases.LoginTestCRM -->
    </test> <!-- Default test -->
  </suite> <!-- Default suite -->
</testng-results>
